23:58:04.423 [TestNG-tests-3] INFO  testCases.TC001_AccountRegistrationTest - Clicked on MyAccount Link....
23:58:04.934 [TestNG-tests-3] INFO  testCases.TC001_AccountRegistrationTest - Clicked on Registration Link....
23:58:04.935 [TestNG-tests-3] INFO  testCases.TC001_AccountRegistrationTest - Providing Customer details....
23:58:06.505 [TestNG-tests-3] INFO  testCases.TC001_AccountRegistrationTest - Validating Expected msg....
23:58:06.547 [TestNG-tests-3] INFO  testCases.TC001_AccountRegistrationTest - Fineshed TC001_AccountRegistrationTest...
00:02:41.177 [TestNG-tests-1] INFO  testCases.TC001_AccountRegistrationTest - Startig TC001_AccountRegistrationTest....
12:28:01.464 [TestNG-tests-2] INFO  testCases.TC001_AccountRegistrationTest - Startig TC001_AccountRegistrationTest....
12:28:01.653 [TestNG-tests-2] INFO  testCases.TC001_AccountRegistrationTest - Clicked on MyAccount Link....
12:28:02.259 [TestNG-tests-1] INFO  testCases.TC001_AccountRegistrationTest - Startig TC001_AccountRegistrationTest....
12:28:02.329 [TestNG-tests-2] INFO  testCases.TC001_AccountRegistrationTest - Clicked on Registration Link....
12:28:02.336 [TestNG-tests-2] INFO  testCases.TC001_AccountRegistrationTest - Providing Customer details....
12:28:02.969 [TestNG-tests-1] INFO  testCases.TC001_AccountRegistrationTest - Clicked on MyAccount Link....
12:28:03.594 [TestNG-tests-1] INFO  testCases.TC001_AccountRegistrationTest - Clicked on Registration Link....
12:28:03.594 [TestNG-tests-1] INFO  testCases.TC001_AccountRegistrationTest - Providing Customer details....
12:28:03.796 [TestNG-tests-2] INFO  testCases.TC001_AccountRegistrationTest - Validating Expected msg....
12:28:03.846 [TestNG-tests-2] INFO  testCases.TC001_AccountRegistrationTest - Fineshed TC001_AccountRegistrationTest...
12:28:04.775 [TestNG-tests-1] INFO  testCases.TC001_AccountRegistrationTest - Validating Expected msg....
12:28:04.828 [TestNG-tests-1] INFO  testCases.TC001_AccountRegistrationTest - Fineshed TC001_AccountRegistrationTest...
12:28:06.486 [TestNG-tests-3] INFO  testCases.TC001_AccountRegistrationTest - Startig TC001_AccountRegistrationTest....
12:28:06.761 [TestNG-tests-3] INFO  testCases.TC001_AccountRegistrationTest - Clicked on MyAccount Link....
12:28:07.302 [TestNG-tests-3] INFO  testCases.TC001_AccountRegistrationTest - Clicked on Registration Link....
12:28:07.302 [TestNG-tests-3] INFO  testCases.TC001_AccountRegistrationTest - Providing Customer details....
12:28:08.400 [TestNG-tests-3] INFO  testCases.TC001_AccountRegistrationTest - Validating Expected msg....
12:28:08.429 [TestNG-tests-3] INFO  testCases.TC001_AccountRegistrationTest - Fineshed TC001_AccountRegistrationTest...
17:45:06.319 [main] INFO  testCases.TC001_AccountRegistrationTest - Startig TC001_AccountRegistrationTest....
17:45:06.553 [main] INFO  testCases.TC001_AccountRegistrationTest - Clicked on MyAccount Link....
17:45:07.053 [main] INFO  testCases.TC001_AccountRegistrationTest - Clicked on Registration Link....
17:45:07.056 [main] INFO  testCases.TC001_AccountRegistrationTest - Providing Customer details....
17:45:08.437 [main] INFO  testCases.TC001_AccountRegistrationTest - Validating Expected msg....
17:45:08.486 [main] INFO  testCases.TC001_AccountRegistrationTest - Fineshed TC001_AccountRegistrationTest...
14:58:09.387 [main] INFO  testCases.TC001_AccountRegistrationTest - Startig TC001_AccountRegistrationTest....
14:58:09.554 [main] INFO  testCases.TC001_AccountRegistrationTest - Clicked on MyAccount Link....
14:58:10.086 [main] INFO  testCases.TC001_AccountRegistrationTest - Clicked on Registration Link....
14:58:10.092 [main] INFO  testCases.TC001_AccountRegistrationTest - Providing Customer details....
14:58:11.568 [main] INFO  testCases.TC001_AccountRegistrationTest - Validating Expected msg....
14:58:11.617 [main] INFO  testCases.TC001_AccountRegistrationTest - Fineshed TC001_AccountRegistrationTest...
14:58:26.052 [main] INFO  testCases.TC001_AccountRegistrationTest - Startig TC001_AccountRegistrationTest....
14:58:26.195 [main] INFO  testCases.TC001_AccountRegistrationTest - Clicked on MyAccount Link....
14:58:26.718 [main] INFO  testCases.TC001_AccountRegistrationTest - Clicked on Registration Link....
14:58:26.722 [main] INFO  testCases.TC001_AccountRegistrationTest - Providing Customer details....
14:58:28.116 [main] INFO  testCases.TC001_AccountRegistrationTest - Validating Expected msg....
14:58:28.168 [main] INFO  testCases.TC001_AccountRegistrationTest - Fineshed TC001_AccountRegistrationTest...
15:06:28.036 [main] INFO  testCases.TC001_AccountRegistrationTest - Startig TC001_AccountRegistrationTest....
15:06:28.292 [main] INFO  testCases.TC001_AccountRegistrationTest - Clicked on MyAccount Link....
15:06:28.947 [main] INFO  testCases.TC001_AccountRegistrationTest - Clicked on Registration Link....
15:06:28.951 [main] INFO  testCases.TC001_AccountRegistrationTest - Providing Customer details....
15:06:30.388 [main] INFO  testCases.TC001_AccountRegistrationTest - Validating Expected msg....
