16:48:14.419 [TestNG-tests-1] DEBUG org.apache.poi.ooxml.POIXMLFactory - using default POIXMLDocumentPart for http://schemas.openxmlformats.org/officeDocument/2006/relationships/printerSettings
16:48:14.448 [TestNG-tests-1] DEBUG org.apache.poi.openxml4j.opc.PackageRelationshipCollection - Parsing relationship: /xl/_rels/workbook.xml.rels
16:48:14.449 [TestNG-tests-1] DEBUG org.apache.poi.openxml4j.opc.PackageRelationshipCollection - Parsing relationship: /xl/worksheets/_rels/sheet1.xml.rels
16:48:14.450 [TestNG-tests-1] DEBUG org.apache.poi.openxml4j.opc.PackageRelationshipCollection - Parsing relationship: /_rels/.rels
16:48:14.466 [TestNG-tests-1] DEBUG org.apache.poi.ooxml.POIXMLFactory - using default POIXMLDocumentPart for http://schemas.openxmlformats.org/officeDocument/2006/relationships/printerSettings
16:48:14.478 [TestNG-tests-1] INFO  testCases.TC003_LoginDDT - Starting TC003_LoginDDT
16:48:16.126 [TestNG-tests-1] INFO  testCases.TC003_LoginDDT - Finished TC003_LoginDDT
16:48:16.131 [TestNG-tests-1] INFO  testCases.TC003_LoginDDT - Starting TC003_LoginDDT
16:48:27.296 [TestNG-tests-1] INFO  testCases.TC003_LoginDDT - Finished TC003_LoginDDT
16:48:27.300 [TestNG-tests-1] INFO  testCases.TC003_LoginDDT - Starting TC003_LoginDDT
16:48:38.422 [TestNG-tests-1] INFO  testCases.TC003_LoginDDT - Finished TC003_LoginDDT
16:48:38.426 [TestNG-tests-1] INFO  testCases.TC003_LoginDDT - Starting TC003_LoginDDT
16:48:49.960 [TestNG-tests-1] INFO  testCases.TC003_LoginDDT - Finished TC003_LoginDDT
17:00:03.224 [TestNG-tests-1] INFO  testCases.TC001_AccountRegistrationTest - Startig TC001_AccountRegistrationTest....
17:00:03.367 [TestNG-tests-1] INFO  testCases.TC001_AccountRegistrationTest - Clicked on MyAccount Link....
17:00:04.101 [TestNG-tests-1] INFO  testCases.TC001_AccountRegistrationTest - Clicked on Registration Link....
17:00:04.105 [TestNG-tests-1] INFO  testCases.TC001_AccountRegistrationTest - Providing Customer details....
17:00:05.444 [TestNG-tests-1] INFO  testCases.TC001_AccountRegistrationTest - Validating Expected msg....
17:00:05.494 [TestNG-tests-1] INFO  testCases.TC001_AccountRegistrationTest - Fineshed TC001_AccountRegistrationTest...
17:00:11.091 [TestNG-tests-1] INFO  testCases.TC002_LoginTest -  Starting TC002_LoginTest
17:00:12.491 [TestNG-tests-1] INFO  testCases.TC002_LoginTest -  Finished TC002_LoginTest
17:00:54.550 [TestNG-tests-1] INFO  testCases.TC001_AccountRegistrationTest - Startig TC001_AccountRegistrationTest....
17:00:54.550 [TestNG-tests-2] INFO  testCases.TC001_AccountRegistrationTest - Startig TC001_AccountRegistrationTest....
17:00:54.703 [TestNG-tests-2] INFO  testCases.TC001_AccountRegistrationTest - Clicked on MyAccount Link....
17:00:54.762 [TestNG-tests-1] INFO  testCases.TC001_AccountRegistrationTest - Clicked on MyAccount Link....
17:01:25.488 [TestNG-tests-1] INFO  testCases.TC002_LoginTest -  Starting TC002_LoginTest
17:01:25.491 [TestNG-tests-2] INFO  testCases.TC002_LoginTest -  Starting TC002_LoginTest
17:05:52.876 [TestNG-tests-2] INFO  testCases.TC001_AccountRegistrationTest - Startig TC001_AccountRegistrationTest....
17:05:52.876 [TestNG-tests-1] INFO  testCases.TC001_AccountRegistrationTest - Startig TC001_AccountRegistrationTest....
17:05:52.994 [TestNG-tests-2] INFO  testCases.TC001_AccountRegistrationTest - Clicked on MyAccount Link....
17:05:53.041 [TestNG-tests-1] INFO  testCases.TC001_AccountRegistrationTest - Clicked on MyAccount Link....
17:09:36.868 [main] INFO  testCases.TC001_AccountRegistrationTest - Startig TC001_AccountRegistrationTest....
17:09:37.271 [main] INFO  testCases.TC001_AccountRegistrationTest - Clicked on MyAccount Link....
17:09:37.772 [main] INFO  testCases.TC001_AccountRegistrationTest - Clicked on Registration Link....
17:09:37.776 [main] INFO  testCases.TC001_AccountRegistrationTest - Providing Customer details....
17:09:39.195 [main] INFO  testCases.TC001_AccountRegistrationTest - Validating Expected msg....
17:09:39.271 [main] INFO  testCases.TC001_AccountRegistrationTest - Fineshed TC001_AccountRegistrationTest...
17:09:45.295 [main] INFO  testCases.TC001_AccountRegistrationTest - Startig TC001_AccountRegistrationTest....
17:09:45.438 [main] INFO  testCases.TC001_AccountRegistrationTest - Clicked on MyAccount Link....
17:09:45.973 [main] INFO  testCases.TC001_AccountRegistrationTest - Clicked on Registration Link....
17:09:45.974 [main] INFO  testCases.TC001_AccountRegistrationTest - Providing Customer details....
17:09:47.333 [main] INFO  testCases.TC001_AccountRegistrationTest - Validating Expected msg....
17:09:47.385 [main] INFO  testCases.TC001_AccountRegistrationTest - Fineshed TC001_AccountRegistrationTest...
17:10:34.109 [TestNG-tests-1] INFO  testCases.TC001_AccountRegistrationTest - Startig TC001_AccountRegistrationTest....
17:10:35.484 [TestNG-tests-2] INFO  testCases.TC001_AccountRegistrationTest - Startig TC001_AccountRegistrationTest....
17:10:35.563 [TestNG-tests-1] INFO  testCases.TC001_AccountRegistrationTest - Clicked on MyAccount Link....
