23:54:41.279 [main] INFO  testCases.TC001_AccountRegistrationTest - Providing Customer details....
23:54:42.718 [main] INFO  testCases.TC001_AccountRegistrationTest - Validating Expected msg....
23:54:42.768 [main] INFO  testCases.TC001_AccountRegistrationTest - Fineshed TC001_AccountRegistrationTest...
23:54:49.373 [main] INFO  testCases.TC001_AccountRegistrationTest - Startig TC001_AccountRegistrationTest....
23:54:49.455 [main] INFO  testCases.TC001_AccountRegistrationTest - Clicked on MyAccount Link....
23:54:50.280 [main] INFO  testCases.TC001_AccountRegistrationTest - Clicked on Registration Link....
23:54:50.282 [main] INFO  testCases.TC001_AccountRegistrationTest - Providing Customer details....
23:54:51.608 [main] INFO  testCases.TC001_AccountRegistrationTest - Validating Expected msg....
23:54:51.652 [main] INFO  testCases.TC001_AccountRegistrationTest - Fineshed TC001_AccountRegistrationTest...
23:55:01.485 [main] INFO  testCases.TC001_AccountRegistrationTest - Startig TC001_AccountRegistrationTest....
23:55:01.640 [main] INFO  testCases.TC001_AccountRegistrationTest - Clicked on MyAccount Link....
23:55:02.273 [main] INFO  testCases.TC001_AccountRegistrationTest - Clicked on Registration Link....
23:55:02.273 [main] INFO  testCases.TC001_AccountRegistrationTest - Providing Customer details....
23:55:04.160 [main] INFO  testCases.TC001_AccountRegistrationTest - Validating Expected msg....
23:55:04.212 [main] INFO  testCases.TC001_AccountRegistrationTest - Fineshed TC001_AccountRegistrationTest...
23:57:03.979 [TestNG-tests-1] INFO  testCases.TC001_AccountRegistrationTest - Startig TC001_AccountRegistrationTest....
23:57:04.572 [TestNG-tests-1] INFO  testCases.TC001_AccountRegistrationTest - Clicked on MyAccount Link....
23:57:05.195 [TestNG-tests-2] INFO  testCases.TC001_AccountRegistrationTest - Startig TC001_AccountRegistrationTest....
23:57:05.255 [TestNG-tests-1] INFO  testCases.TC001_AccountRegistrationTest - Clicked on Registration Link....
23:57:05.257 [TestNG-tests-1] INFO  testCases.TC001_AccountRegistrationTest - Providing Customer details....
23:57:05.659 [TestNG-tests-2] INFO  testCases.TC001_AccountRegistrationTest - Clicked on MyAccount Link....
23:57:06.895 [TestNG-tests-2] INFO  testCases.TC001_AccountRegistrationTest - Clicked on Registration Link....
23:57:06.895 [TestNG-tests-2] INFO  testCases.TC001_AccountRegistrationTest - Providing Customer details....
23:57:07.157 [TestNG-tests-1] INFO  testCases.TC001_AccountRegistrationTest - Validating Expected msg....
23:57:07.206 [TestNG-tests-1] INFO  testCases.TC001_AccountRegistrationTest - Fineshed TC001_AccountRegistrationTest...
23:57:08.046 [TestNG-tests-2] INFO  testCases.TC001_AccountRegistrationTest - Validating Expected msg....
23:57:08.085 [TestNG-tests-2] INFO  testCases.TC001_AccountRegistrationTest - Fineshed TC001_AccountRegistrationTest...
23:57:09.287 [TestNG-tests-3] INFO  testCases.TC001_AccountRegistrationTest - Startig TC001_AccountRegistrationTest....
23:57:09.365 [TestNG-tests-3] INFO  testCases.TC001_AccountRegistrationTest - Clicked on MyAccount Link....
23:57:09.770 [TestNG-tests-3] INFO  testCases.TC001_AccountRegistrationTest - Clicked on Registration Link....
23:57:09.770 [TestNG-tests-3] INFO  testCases.TC001_AccountRegistrationTest - Providing Customer details....
23:57:10.926 [TestNG-tests-3] INFO  testCases.TC001_AccountRegistrationTest - Validating Expected msg....
23:57:10.971 [TestNG-tests-3] INFO  testCases.TC001_AccountRegistrationTest - Fineshed TC001_AccountRegistrationTest...
23:57:59.140 [TestNG-tests-1] INFO  testCases.TC001_AccountRegistrationTest - Startig TC001_AccountRegistrationTest....
23:57:59.296 [TestNG-tests-1] INFO  testCases.TC001_AccountRegistrationTest - Clicked on MyAccount Link....
23:58:00.270 [TestNG-tests-1] INFO  testCases.TC001_AccountRegistrationTest - Clicked on Registration Link....
23:58:00.275 [TestNG-tests-1] INFO  testCases.TC001_AccountRegistrationTest - Providing Customer details....
23:58:00.352 [TestNG-tests-2] INFO  testCases.TC001_AccountRegistrationTest - Startig TC001_AccountRegistrationTest....
23:58:00.546 [TestNG-tests-2] INFO  testCases.TC001_AccountRegistrationTest - Clicked on MyAccount Link....
23:58:01.183 [TestNG-tests-2] INFO  testCases.TC001_AccountRegistrationTest - Clicked on Registration Link....
23:58:01.183 [TestNG-tests-2] INFO  testCases.TC001_AccountRegistrationTest - Providing Customer details....
23:58:02.010 [TestNG-tests-1] INFO  testCases.TC001_AccountRegistrationTest - Validating Expected msg....
23:58:02.056 [TestNG-tests-1] INFO  testCases.TC001_AccountRegistrationTest - Fineshed TC001_AccountRegistrationTest...
23:58:02.402 [TestNG-tests-2] INFO  testCases.TC001_AccountRegistrationTest - Validating Expected msg....
23:58:02.439 [TestNG-tests-2] INFO  testCases.TC001_AccountRegistrationTest - Fineshed TC001_AccountRegistrationTest...
23:58:04.267 [TestNG-tests-3] INFO  testCases.TC001_AccountRegistrationTest - Startig TC001_AccountRegistrationTest....
