14:08:21.800 [main] INFO  testCases.TC001_AccountRegistrationTest - Providing Customer details....
14:08:23.353 [main] INFO  testCases.TC001_AccountRegistrationTest - Validating Expected msg....
14:08:23.396 [main] INFO  testCases.TC001_AccountRegistrationTest - Fineshed TC001_AccountRegistrationTest...
14:08:27.344 [main] INFO  testCases.TC002_LoginTest -  Starting TC002_LoginTest
14:08:29.152 [main] INFO  testCases.TC002_LoginTest -  Finished TC002_LoginTest
16:07:26.932 [main] INFO  testCases.TC001_AccountRegistrationTest - Startig TC001_AccountRegistrationTest....
16:07:27.278 [main] INFO  testCases.TC001_AccountRegistrationTest - Clicked on MyAccount Link....
16:07:27.901 [main] INFO  testCases.TC001_AccountRegistrationTest - Clicked on Registration Link....
16:07:27.915 [main] INFO  testCases.TC001_AccountRegistrationTest - Providing Customer details....
16:07:29.383 [main] INFO  testCases.TC001_AccountRegistrationTest - Validating Expected msg....
16:07:29.425 [main] INFO  testCases.TC001_AccountRegistrationTest - Fineshed TC001_AccountRegistrationTest...
16:07:32.607 [main] INFO  testCases.TC002_LoginTest -  Starting TC002_LoginTest
16:07:34.286 [main] INFO  testCases.TC002_LoginTest -  Finished TC002_LoginTest
16:16:36.970 [main] INFO  testCases.TC001_AccountRegistrationTest - Startig TC001_AccountRegistrationTest....
16:16:37.115 [main] INFO  testCases.TC001_AccountRegistrationTest - Clicked on MyAccount Link....
16:16:37.572 [main] INFO  testCases.TC001_AccountRegistrationTest - Clicked on Registration Link....
16:16:37.576 [main] INFO  testCases.TC001_AccountRegistrationTest - Providing Customer details....
16:16:38.871 [main] INFO  testCases.TC001_AccountRegistrationTest - Validating Expected msg....
16:16:38.920 [main] INFO  testCases.TC001_AccountRegistrationTest - Fineshed TC001_AccountRegistrationTest...
16:16:41.980 [main] INFO  testCases.TC002_LoginTest -  Starting TC002_LoginTest
16:16:43.426 [main] INFO  testCases.TC002_LoginTest -  Finished TC002_LoginTest
16:23:40.722 [main] INFO  testCases.TC001_AccountRegistrationTest - Startig TC001_AccountRegistrationTest....
16:23:40.841 [main] INFO  testCases.TC001_AccountRegistrationTest - Clicked on MyAccount Link....
16:23:41.319 [main] INFO  testCases.TC001_AccountRegistrationTest - Clicked on Registration Link....
16:23:41.322 [main] INFO  testCases.TC001_AccountRegistrationTest - Providing Customer details....
16:23:42.720 [main] INFO  testCases.TC001_AccountRegistrationTest - Validating Expected msg....
16:23:42.781 [main] INFO  testCases.TC001_AccountRegistrationTest - Fineshed TC001_AccountRegistrationTest...
16:23:45.964 [main] INFO  testCases.TC002_LoginTest -  Starting TC002_LoginTest
16:23:47.794 [main] INFO  testCases.TC002_LoginTest -  Finished TC002_LoginTest
16:28:22.185 [main] INFO  testCases.TC001_AccountRegistrationTest - Startig TC001_AccountRegistrationTest....
16:28:22.450 [main] INFO  testCases.TC001_AccountRegistrationTest - Clicked on MyAccount Link....
16:28:23.013 [main] INFO  testCases.TC001_AccountRegistrationTest - Clicked on Registration Link....
16:28:23.017 [main] INFO  testCases.TC001_AccountRegistrationTest - Providing Customer details....
16:28:24.375 [main] INFO  testCases.TC001_AccountRegistrationTest - Validating Expected msg....
16:28:24.434 [main] INFO  testCases.TC001_AccountRegistrationTest - Fineshed TC001_AccountRegistrationTest...
16:28:27.946 [main] INFO  testCases.TC002_LoginTest -  Starting TC002_LoginTest
17:37:00.356 [main] INFO  testCases.TC002_LoginTest -  Starting TC002_LoginTest
17:37:02.028 [main] INFO  testCases.TC002_LoginTest -  Finished TC002_LoginTest
23:28:31.262 [TestNG-tests-3] INFO  testCases.TC001_AccountRegistrationTest - Startig TC001_AccountRegistrationTest....
23:28:44.147 [TestNG-tests-1] INFO  testCases.TC001_AccountRegistrationTest - Startig TC001_AccountRegistrationTest....
23:28:45.451 [TestNG-tests-2] INFO  testCases.TC001_AccountRegistrationTest - Startig TC001_AccountRegistrationTest....
23:28:45.591 [TestNG-tests-1] INFO  testCases.TC001_AccountRegistrationTest - Clicked on MyAccount Link....
23:28:45.630 [TestNG-tests-2] INFO  testCases.TC001_AccountRegistrationTest - Clicked on MyAccount Link....
23:30:04.419 [TestNG-tests-3] INFO  testCases.TC001_AccountRegistrationTest - Startig TC001_AccountRegistrationTest....
23:30:09.045 [TestNG-tests-1] INFO  testCases.TC001_AccountRegistrationTest - Startig TC001_AccountRegistrationTest....
23:30:12.523 [TestNG-tests-2] INFO  testCases.TC001_AccountRegistrationTest - Startig TC001_AccountRegistrationTest....
23:30:12.628 [TestNG-tests-2] INFO  testCases.TC001_AccountRegistrationTest - Clicked on MyAccount Link....
23:30:13.327 [TestNG-tests-2] INFO  testCases.TC001_AccountRegistrationTest - Clicked on Registration Link....
23:30:13.331 [TestNG-tests-2] INFO  testCases.TC001_AccountRegistrationTest - Providing Customer details....
23:30:15.259 [TestNG-tests-2] INFO  testCases.TC001_AccountRegistrationTest - Validating Expected msg....
