12:45:10.429 [main] DEBUG org.apache.poi.ooxml.POIXMLFactory - using default POIXMLDocumentPart for http://schemas.openxmlformats.org/officeDocument/2006/relationships/printerSettings
12:45:10.444 [main] DEBUG org.apache.poi.openxml4j.opc.PackageRelationshipCollection - Parsing relationship: /xl/_rels/workbook.xml.rels
12:45:10.445 [main] DEBUG org.apache.poi.openxml4j.opc.PackageRelationshipCollection - Parsing relationship: /xl/worksheets/_rels/sheet1.xml.rels
12:45:10.446 [main] DEBUG org.apache.poi.openxml4j.opc.PackageRelationshipCollection - Parsing relationship: /_rels/.rels
12:45:10.452 [main] DEBUG org.apache.poi.ooxml.POIXMLFactory - using default POIXMLDocumentPart for http://schemas.openxmlformats.org/officeDocument/2006/relationships/printerSettings
12:45:10.475 [main] DEBUG org.apache.poi.openxml4j.opc.PackageRelationshipCollection - Parsing relationship: /xl/_rels/workbook.xml.rels
12:45:10.476 [main] DEBUG org.apache.poi.openxml4j.opc.PackageRelationshipCollection - Parsing relationship: /xl/worksheets/_rels/sheet1.xml.rels
12:45:10.477 [main] DEBUG org.apache.poi.openxml4j.opc.PackageRelationshipCollection - Parsing relationship: /_rels/.rels
12:45:10.486 [main] DEBUG org.apache.poi.ooxml.POIXMLFactory - using default POIXMLDocumentPart for http://schemas.openxmlformats.org/officeDocument/2006/relationships/printerSettings
12:45:10.497 [main] DEBUG org.apache.poi.openxml4j.opc.PackageRelationshipCollection - Parsing relationship: /xl/_rels/workbook.xml.rels
12:45:10.498 [main] DEBUG org.apache.poi.openxml4j.opc.PackageRelationshipCollection - Parsing relationship: /xl/worksheets/_rels/sheet1.xml.rels
12:45:10.499 [main] DEBUG org.apache.poi.openxml4j.opc.PackageRelationshipCollection - Parsing relationship: /_rels/.rels
12:45:10.507 [main] DEBUG org.apache.poi.ooxml.POIXMLFactory - using default POIXMLDocumentPart for http://schemas.openxmlformats.org/officeDocument/2006/relationships/printerSettings
12:45:10.532 [main] INFO  testCases.TC003_LoginDDT - Starting TC003_LoginDDT
12:45:12.504 [main] INFO  testCases.TC003_LoginDDT - Finished TC003_LoginDDT
12:45:12.517 [main] INFO  testCases.TC003_LoginDDT - Starting TC003_LoginDDT
12:45:23.894 [main] INFO  testCases.TC003_LoginDDT - Finished TC003_LoginDDT
12:45:23.899 [main] INFO  testCases.TC003_LoginDDT - Starting TC003_LoginDDT
12:45:34.938 [main] INFO  testCases.TC003_LoginDDT - Finished TC003_LoginDDT
12:45:34.940 [main] INFO  testCases.TC003_LoginDDT - Starting TC003_LoginDDT
12:45:47.091 [main] INFO  testCases.TC003_LoginDDT - Finished TC003_LoginDDT
12:49:55.897 [main] INFO  testCases.TC001_AccountRegistrationTest - Startig TC001_AccountRegistrationTest....
12:49:56.277 [main] INFO  testCases.TC001_AccountRegistrationTest - Clicked on MyAccount Link....
12:49:56.746 [main] INFO  testCases.TC001_AccountRegistrationTest - Clicked on Registration Link....
12:49:56.749 [main] INFO  testCases.TC001_AccountRegistrationTest - Providing Customer details....
12:49:58.110 [main] INFO  testCases.TC001_AccountRegistrationTest - Validating Expected msg....
12:49:58.167 [main] INFO  testCases.TC001_AccountRegistrationTest - Fineshed TC001_AccountRegistrationTest...
13:57:13.669 [main] INFO  testCases.TC001_AccountRegistrationTest - Startig TC001_AccountRegistrationTest....
13:57:14.056 [main] INFO  testCases.TC001_AccountRegistrationTest - Clicked on MyAccount Link....
13:57:14.760 [main] INFO  testCases.TC001_AccountRegistrationTest - Clicked on Registration Link....
13:57:14.764 [main] INFO  testCases.TC001_AccountRegistrationTest - Providing Customer details....
13:57:16.156 [main] INFO  testCases.TC001_AccountRegistrationTest - Validating Expected msg....
13:57:16.224 [main] INFO  testCases.TC001_AccountRegistrationTest - Fineshed TC001_AccountRegistrationTest...
13:57:20.914 [main] INFO  testCases.TC002_LoginTest -  Starting TC002_LoginTest
13:57:22.361 [main] INFO  testCases.TC002_LoginTest -  Finished TC002_LoginTest
14:05:50.793 [main] INFO  testCases.TC001_AccountRegistrationTest - Startig TC001_AccountRegistrationTest....
14:05:51.097 [main] INFO  testCases.TC001_AccountRegistrationTest - Clicked on MyAccount Link....
14:05:51.909 [main] INFO  testCases.TC001_AccountRegistrationTest - Clicked on Registration Link....
14:05:51.913 [main] INFO  testCases.TC001_AccountRegistrationTest - Providing Customer details....
14:05:53.429 [main] INFO  testCases.TC001_AccountRegistrationTest - Validating Expected msg....
14:05:53.487 [main] INFO  testCases.TC001_AccountRegistrationTest - Fineshed TC001_AccountRegistrationTest...
14:05:56.844 [main] INFO  testCases.TC002_LoginTest -  Starting TC002_LoginTest
14:05:58.249 [main] INFO  testCases.TC002_LoginTest -  Finished TC002_LoginTest
14:08:21.160 [main] INFO  testCases.TC001_AccountRegistrationTest - Startig TC001_AccountRegistrationTest....
14:08:21.299 [main] INFO  testCases.TC001_AccountRegistrationTest - Clicked on MyAccount Link....
14:08:21.795 [main] INFO  testCases.TC001_AccountRegistrationTest - Clicked on Registration Link....
