16:31:56.087 [main] INFO  testCases.TC001_AccountRegistrationTest - Startig TC001_AccountRegistrationTest....
16:31:56.231 [main] INFO  testCases.TC001_AccountRegistrationTest - Clicked on MyAccount Link....
16:31:56.767 [main] INFO  testCases.TC001_AccountRegistrationTest - Clicked on Registration Link....
16:31:56.769 [main] INFO  testCases.TC001_AccountRegistrationTest - Providing Customer details....
16:31:57.778 [main] INFO  testCases.TC001_AccountRegistrationTest - Validating Expected msg....
16:31:57.807 [main] INFO  testCases.TC001_AccountRegistrationTest - Fineshed TC001_AccountRegistrationTest...
16:32:00.882 [main] INFO  testCases.TC002_LoginTest -  Starting TC002_LoginTest
16:32:01.937 [main] INFO  testCases.TC002_LoginTest -  Finished TC002_LoginTest
16:32:07.314 [main] INFO  testCases.TC001_AccountRegistrationTest - Startig TC001_AccountRegistrationTest....
16:32:07.390 [main] INFO  testCases.TC001_AccountRegistrationTest - Clicked on MyAccount Link....
16:32:08.152 [main] INFO  testCases.TC001_AccountRegistrationTest - Clicked on Registration Link....
16:32:08.152 [main] INFO  testCases.TC001_AccountRegistrationTest - Providing Customer details....
16:32:09.431 [main] INFO  testCases.TC001_AccountRegistrationTest - Validating Expected msg....
16:32:09.455 [main] INFO  testCases.TC001_AccountRegistrationTest - Fineshed TC001_AccountRegistrationTest...
16:32:13.492 [main] INFO  testCases.TC002_LoginTest -  Starting TC002_LoginTest
16:32:14.799 [main] INFO  testCases.TC002_LoginTest -  Finished TC002_LoginTest
16:34:13.284 [main] INFO  testCases.TC001_AccountRegistrationTest - Startig TC001_AccountRegistrationTest....
16:34:13.401 [main] INFO  testCases.TC001_AccountRegistrationTest - Clicked on MyAccount Link....
16:34:13.881 [main] INFO  testCases.TC001_AccountRegistrationTest - Clicked on Registration Link....
16:34:13.884 [main] INFO  testCases.TC001_AccountRegistrationTest - Providing Customer details....
16:34:14.950 [main] INFO  testCases.TC001_AccountRegistrationTest - Validating Expected msg....
16:34:15.002 [main] INFO  testCases.TC001_AccountRegistrationTest - Fineshed TC001_AccountRegistrationTest...
16:34:18.279 [main] INFO  testCases.TC002_LoginTest -  Starting TC002_LoginTest
16:34:19.389 [main] INFO  testCases.TC002_LoginTest -  Finished TC002_LoginTest
16:34:24.317 [main] INFO  testCases.TC001_AccountRegistrationTest - Startig TC001_AccountRegistrationTest....
16:34:24.442 [main] INFO  testCases.TC001_AccountRegistrationTest - Clicked on MyAccount Link....
16:34:25.131 [main] INFO  testCases.TC001_AccountRegistrationTest - Clicked on Registration Link....
16:34:25.131 [main] INFO  testCases.TC001_AccountRegistrationTest - Providing Customer details....
16:34:26.657 [main] INFO  testCases.TC001_AccountRegistrationTest - Validating Expected msg....
16:34:26.692 [main] INFO  testCases.TC001_AccountRegistrationTest - Fineshed TC001_AccountRegistrationTest...
16:34:31.964 [main] INFO  testCases.TC002_LoginTest -  Starting TC002_LoginTest
16:34:34.091 [main] INFO  testCases.TC002_LoginTest -  Finished TC002_LoginTest
17:04:45.919 [main] INFO  testCases.TC001_AccountRegistrationTest - Startig TC001_AccountRegistrationTest....
17:04:46.219 [main] INFO  testCases.TC001_AccountRegistrationTest - Clicked on MyAccount Link....
17:04:46.686 [main] INFO  testCases.TC001_AccountRegistrationTest - Clicked on Registration Link....
17:04:46.689 [main] INFO  testCases.TC001_AccountRegistrationTest - Providing Customer details....
17:04:47.645 [main] INFO  testCases.TC001_AccountRegistrationTest - Validating Expected msg....
17:04:47.687 [main] INFO  testCases.TC001_AccountRegistrationTest - Fineshed TC001_AccountRegistrationTest...
17:04:49.946 [main] INFO  testCases.TC002_LoginTest -  Starting TC002_LoginTest
17:04:50.970 [main] INFO  testCases.TC002_LoginTest -  Finished TC002_LoginTest
17:04:54.809 [main] INFO  testCases.TC001_AccountRegistrationTest - Startig TC001_AccountRegistrationTest....
17:04:54.888 [main] INFO  testCases.TC001_AccountRegistrationTest - Clicked on MyAccount Link....
17:04:55.350 [main] INFO  testCases.TC001_AccountRegistrationTest - Clicked on Registration Link....
17:04:55.351 [main] INFO  testCases.TC001_AccountRegistrationTest - Providing Customer details....
17:04:56.467 [main] INFO  testCases.TC001_AccountRegistrationTest - Validating Expected msg....
17:04:56.498 [main] INFO  testCases.TC001_AccountRegistrationTest - Fineshed TC001_AccountRegistrationTest...
17:05:00.072 [main] INFO  testCases.TC002_LoginTest -  Starting TC002_LoginTest
17:05:01.173 [main] INFO  testCases.TC002_LoginTest -  Finished TC002_LoginTest
17:51:19.133 [main] INFO  testCases.TC001_AccountRegistrationTest - Startig TC001_AccountRegistrationTest....
17:51:19.473 [main] INFO  testCases.TC001_AccountRegistrationTest - Clicked on MyAccount Link....
17:51:20.064 [main] INFO  testCases.TC001_AccountRegistrationTest - Clicked on Registration Link....
